<?xml version="1.0" encoding="UTF-8"?>
<testng-results ignored="0" total="1" passed="1" failed="0" skipped="0">
  <reporter-output>
  </reporter-output>
  <suite started-at="2023-01-30T11:56:50 BDT" name="Default suite" finished-at="2023-01-30T11:57:19 BDT" duration-ms="28871">
    <groups>
    </groups>
    <test started-at="2023-01-30T11:56:50 BDT" name="Default test" finished-at="2023-01-30T11:57:19 BDT" duration-ms="28871">
      <class name="testCases.loginRunnerfunctionality">
        <test-method signature="userLogin()[pri:0, instance:testCases.loginRunnerfunctionality@3e96bacf]" started-at="2023-01-30T11:56:50 BDT" name="userLogin" finished-at="2023-01-30T11:57:19 BDT" duration-ms="28830" status="PASS">
          <reporter-output>
          </reporter-output>
        </test-method> <!-- userLogin -->
      </class> <!-- testCases.loginRunnerfunctionality -->
    </test> <!-- Default test -->
  </suite> <!-- Default suite -->
</testng-results>
